<?xml version="1.0" encoding="UTF-8"?>
<!-- Generated by org.testng.reporters.JUnitXMLReporter -->
<testsuite hostname="Sai-PC" name="On Chrome" tests="1" failures="1" timestamp="6 Aug 2016 18:01:39 GMT" time="578.555" errors="0">
  <testcase name="sampleTest" time="578.389" classname="day19.BrowserStack">
    <failure type="org.openqa.selenium.UnsupportedCommandException" message="ERROR The test with session id 098e7852a27d4e4fa29a64f527b628f6 has already finished, and can&amp;apos;t receive further commands.
You can learn more at https://saucelabs.com/jobs/098e7852a27d4e4fa29a64f527b628f6
For help, please check https://wiki.saucelabs.com/display/DOCS/Common+Error+Messages
Command duration or timeout: 403.30 seconds
Build info: version: &amp;apos;2.48.2&amp;apos;, revision: &amp;apos;41bccdd&amp;apos;, time: &amp;apos;2015-10-09 19:59:12&amp;apos;
System info: host: &amp;apos;Sai-PC&amp;apos;, ip: &amp;apos;192.168.56.1&amp;apos;, os.name: &amp;apos;Windows 7&amp;apos;, os.arch: &amp;apos;amd64&amp;apos;, os.version: &amp;apos;6.1&amp;apos;, java.version: &amp;apos;1.7.0_79&amp;apos;
Session ID: 098e7852a27d4e4fa29a64f527b628f6
Driver info: org.openqa.selenium.remote.RemoteWebDriver
Capabilities [{platform=MAC, javascriptEnabled=true, cssSelectorsEnabled=true, hasMetadata=true, secureSsl=true, browserName=safari, webdriver.remote.sessionid=098e7852a27d4e4fa29a64f527b628f6, takesScreenshot=true, version=8.0.8}]">
      <![CDATA[org.openqa.selenium.UnsupportedCommandException: ERROR The test with session id 098e7852a27d4e4fa29a64f527b628f6 has already finished, and can't receive further commands.
You can learn more at https://saucelabs.com/jobs/098e7852a27d4e4fa29a64f527b628f6
For help, please check https://wiki.saucelabs.com/display/DOCS/Common+Error+Messages
Command duration or timeout: 403.30 seconds
Build info: version: '2.48.2', revision: '41bccdd', time: '2015-10-09 19:59:12'
System info: host: 'Sai-PC', ip: '192.168.56.1', os.name: 'Windows 7', os.arch: 'amd64', os.version: '6.1', java.version: '1.7.0_79'
Session ID: 098e7852a27d4e4fa29a64f527b628f6
Driver info: org.openqa.selenium.remote.RemoteWebDriver
Capabilities [{platform=MAC, javascriptEnabled=true, cssSelectorsEnabled=true, hasMetadata=true, secureSsl=true, browserName=safari, webdriver.remote.sessionid=098e7852a27d4e4fa29a64f527b628f6, takesScreenshot=true, version=8.0.8}]
	at org.openqa.selenium.remote.ErrorHandler.createThrowable(ErrorHandler.java:206)
	at org.openqa.selenium.remote.ErrorHandler.throwIfResponseFailed(ErrorHandler.java:158)
	at org.openqa.selenium.remote.RemoteWebDriver.execute(RemoteWebDriver.java:647)
	at org.openqa.selenium.remote.RemoteWebElement.execute(RemoteWebElement.java:326)
	at org.openqa.selenium.remote.RemoteWebElement.getText(RemoteWebElement.java:178)
	at day19.BrowserStack.sampleTest(BrowserStack.java:50)
	at java.util.concurrent.FutureTask.run(Unknown Source)
	at java.util.concurrent.ThreadPoolExecutor.runWorker(Unknown Source)
	at java.util.concurrent.ThreadPoolExecutor$Worker.run(Unknown Source)
	at java.lang.Thread.run(Unknown Source)
... Removed 20 stack frames]]>
    </failure>
  </testcase> <!-- sampleTest -->
</testsuite> <!-- On Chrome -->
