<!DOCTYPE html PUBLIC "-//W3C//DTD XHTML 1.1//EN" "http://www.w3.org/TR/xhtml11/DTD/xhtml11.dtd">
<html xmlns="http://www.w3.org/1999/xhtml"><head><title>TestNG Report</title><style type="text/css">table {margin-bottom:10px;border-collapse:collapse;empty-cells:show}th,td {border:1px solid #009;padding:.25em .5em}th {vertical-align:bottom}td {vertical-align:top}table a {font-weight:bold}.stripe td {background-color: #E6EBF9}.num {text-align:right}.passedodd td {background-color: #3F3}.passedeven td {background-color: #0A0}.skippedodd td {background-color: #DDD}.skippedeven td {background-color: #CCC}.failedodd td,.attn {background-color: #F33}.failedeven td,.stripe .attn {background-color: #D00}.stacktrace {white-space:pre;font-family:monospace}.totop {font-size:85%;text-align:center;border-bottom:2px solid #000}</style></head><body><table><tr><th>Test</th><th># Passed</th><th># Skipped</th><th># Failed</th><th>Time (ms)</th><th>Included Groups</th><th>Excluded Groups</th></tr><tr><th colspan="7">OrangeHRM Test suite</th></tr><tr><td><a href="#t0">On Chrome</a></td><td class="num">2</td><td class="num">0</td><td class="num attn">2</td><td class="num">148,119</td><td></td><td></td></tr><tr class="stripe"><td><a href="#t1">On firefox</a></td><td class="num">3</td><td class="num">0</td><td class="num attn">1</td><td class="num">158,505</td><td></td><td></td></tr><tr><th>Total</th><th class="num">5</th><th class="num">0</th><th class="num attn">3</th><th class="num">306,624</th><th colspan="2"></th></tr></table><table><thead><tr><th>Class</th><th>Method</th><th>Start</th><th>Time (ms)</th></tr></thead><tbody><tr><th colspan="4">OrangeHRM Test suite</th></tr></tbody><tbody id="t0"><tr><th colspan="4">On Chrome &#8212; failed</th></tr><tr class="failedeven"><td rowspan="1">com.orangehrm.testsuite.Logout</td><td><a href="#m0">logoutTest</a></td><td rowspan="1">1473138047094</td><td rowspan="1">5882</td></tr><tr class="failedodd"><td rowspan="1">com.orangehrm.testsuite.TakingScreenshot</td><td><a href="#m1">screeshotTest</a></td><td rowspan="1">1473138046996</td><td rowspan="1">84</td></tr><tr><th colspan="4">On Chrome &#8212; passed</th></tr><tr class="passedeven"><td rowspan="1">com.orangehrm.testsuite.AddEmployee</td><td><a href="#m2">addEmpoyeeTest</a></td><td rowspan="1">1473137925372</td><td rowspan="1">121616</td></tr><tr class="passedodd"><td rowspan="1">com.orangehrm.testsuite.Login</td><td><a href="#m3">loginTest</a></td><td rowspan="1">1473137904915</td><td rowspan="1">20436</td></tr></tbody><tbody id="t1"><tr><th colspan="4">On firefox &#8212; failed</th></tr><tr class="failedeven"><td rowspan="1">com.orangehrm.testsuite.TakingScreenshot</td><td><a href="#m4">screeshotTest</a></td><td rowspan="1">1473138058466</td><td rowspan="1">80</td></tr><tr><th colspan="4">On firefox &#8212; passed</th></tr><tr class="passedeven"><td rowspan="1">com.orangehrm.testsuite.AddEmployee</td><td><a href="#m5">addEmpoyeeTest</a></td><td rowspan="1">1473137939931</td><td rowspan="1">118527</td></tr><tr class="passedodd"><td rowspan="1">com.orangehrm.testsuite.Login</td><td><a href="#m6">loginTest</a></td><td rowspan="1">1473137904915</td><td rowspan="1">35006</td></tr><tr class="passedeven"><td rowspan="1">com.orangehrm.testsuite.Logout</td><td><a href="#m7">logoutTest</a></td><td rowspan="1">1473138058555</td><td rowspan="1">4812</td></tr></tbody></table><h2>On Chrome</h2><h3 id="m0">com.orangehrm.testsuite.Logout#logoutTest</h3><table class="result"><tr><th>Exception</th></tr><tr><td><div class="stacktrace">org.openqa.selenium.NoSuchElementException: Unable to locate element: {&quot;method&quot;:&quot;link text&quot;,&quot;selector&quot;:&quot;Logout&quot;}
For documentation on this error, please visit: http://seleniumhq.org/exceptions/no_such_element.html
Build info: version: &apos;2.53.0&apos;, revision: &apos;35ae25b&apos;, time: &apos;2016-03-15 17:00:58&apos;
System info: host: &apos;Sai-PC&apos;, ip: &apos;192.168.56.1&apos;, os.name: &apos;Windows 7&apos;, os.arch: &apos;amd64&apos;, os.version: &apos;6.1&apos;, java.version: &apos;1.7.0_79&apos;
Driver info: driver.version: unknown
Command duration or timeout: 1.32 seconds
For documentation on this error, please visit: http://seleniumhq.org/exceptions/no_such_element.html
Build info: version: &apos;2.48.2&apos;, revision: &apos;41bccdd&apos;, time: &apos;2015-10-09 19:59:12&apos;
System info: host: &apos;Sai-PC&apos;, ip: &apos;192.168.56.1&apos;, os.name: &apos;Windows 7&apos;, os.arch: &apos;amd64&apos;, os.version: &apos;6.1&apos;, java.version: &apos;1.7.0_79&apos;
*** Element info: {Using=link text, value=Logout}
Session ID: 36afeb9d-b2c5-4abd-b2aa-df8ca9ca5393
Driver info: org.openqa.selenium.remote.RemoteWebDriver
Capabilities [{platform=WINDOWS, javascriptEnabled=true, acceptSslCerts=true, browserName=firefox, rotatable=false, locationContextEnabled=true, webdriver.remote.sessionid=36afeb9d-b2c5-4abd-b2aa-df8ca9ca5393, version=42.0, databaseEnabled=true, cssSelectorsEnabled=true, handlesAlerts=true, webStorageEnabled=true, nativeEvents=false, applicationCacheEnabled=true, takesScreenshot=true}]
	at org.openqa.selenium.remote.ErrorHandler.createThrowable(ErrorHandler.java:206)
	at org.openqa.selenium.remote.ErrorHandler.throwIfResponseFailed(ErrorHandler.java:158)
	at org.openqa.selenium.remote.RemoteWebDriver.execute(RemoteWebDriver.java:647)
	at org.openqa.selenium.remote.RemoteWebDriver.findElement(RemoteWebDriver.java:353)
	at org.openqa.selenium.remote.RemoteWebDriver.findElementByLinkText(RemoteWebDriver.java:418)
	at org.openqa.selenium.By$ByLinkText.findElement(By.java:246)
	at org.openqa.selenium.remote.RemoteWebDriver.findElement(RemoteWebDriver.java:345)
	at org.openqa.selenium.support.pagefactory.DefaultElementLocator.findElement(DefaultElementLocator.java:69)
	at org.openqa.selenium.support.pagefactory.internal.LocatingElementHandler.invoke(LocatingElementHandler.java:38)
	at com.sun.proxy.$Proxy6.click(Unknown Source)
	at com.orangehrm.pageclasses.Menu.logout(Menu.java:46)
	at com.orangehrm.testsuite.Logout.logoutTest(Logout.java:20)
	at java.util.concurrent.FutureTask.run(Unknown Source)
	at java.util.concurrent.ThreadPoolExecutor.runWorker(Unknown Source)
	at java.util.concurrent.ThreadPoolExecutor$Worker.run(Unknown Source)
	at java.lang.Thread.run(Unknown Source)
Caused by: org.openqa.selenium.remote.ScreenshotException: Screen shot has been taken
Build info: version: &apos;2.48.2&apos;, revision: &apos;41bccdd&apos;, time: &apos;2015-10-09 19:59:12&apos;
System info: host: &apos;Sai-PC&apos;, ip: &apos;192.168.56.1&apos;, os.name: &apos;Windows 7&apos;, os.arch: &apos;amd64&apos;, os.version: &apos;6.1&apos;, java.version: &apos;1.7.0_79&apos;
Driver info: driver.version: RemoteWebDriver
	at org.openqa.selenium.remote.ErrorHandler.throwIfResponseFailed(ErrorHandler.java:138)
	... 30 more
Caused by: org.openqa.selenium.NoSuchElementException: Unable to locate element: {&quot;method&quot;:&quot;link text&quot;,&quot;selector&quot;:&quot;Logout&quot;}
For documentation on this error, please visit: http://seleniumhq.org/exceptions/no_such_element.html
Build info: version: &apos;2.53.0&apos;, revision: &apos;35ae25b&apos;, time: &apos;2016-03-15 17:00:58&apos;
System info: host: &apos;Sai-PC&apos;, ip: &apos;192.168.56.1&apos;, os.name: &apos;Windows 7&apos;, os.arch: &apos;amd64&apos;, os.version: &apos;6.1&apos;, java.version: &apos;1.7.0_79&apos;
Driver info: driver.version: unknown
For documentation on this error, please visit: http://seleniumhq.org/exceptions/no_such_element.html
Build info: version: &apos;2.48.2&apos;, revision: &apos;41bccdd&apos;, time: &apos;2015-10-09 19:59:12&apos;
System info: host: &apos;Sai-PC&apos;, ip: &apos;192.168.56.1&apos;, os.name: &apos;Windows 7&apos;, os.arch: &apos;amd64&apos;, os.version: &apos;6.1&apos;, java.version: &apos;1.7.0_79&apos;
Driver info: driver.version: unknown
	at &lt;anonymous class&gt;.FirefoxDriver.prototype.findElementInternal_(file:///C:/Users/Sai/AppData/Local/Temp/anonymous8750392721640401363webdriver-profile/extensions/fxdriver@googlecode.com/components/driver-component.js:10770)
	at &lt;anonymous class&gt;.FirefoxDriver.prototype.findElement(file:///C:/Users/Sai/AppData/Local/Temp/anonymous8750392721640401363webdriver-profile/extensions/fxdriver@googlecode.com/components/driver-component.js:10779)
	at &lt;anonymous class&gt;.DelayedCommand.prototype.executeInternal_/h(file:///C:/Users/Sai/AppData/Local/Temp/anonymous8750392721640401363webdriver-profile/extensions/fxdriver@googlecode.com/components/command-processor.js:12661)
	at &lt;anonymous class&gt;.DelayedCommand.prototype.executeInternal_(file:///C:/Users/Sai/AppData/Local/Temp/anonymous8750392721640401363webdriver-profile/extensions/fxdriver@googlecode.com/components/command-processor.js:12666)
	at &lt;anonymous class&gt;.DelayedCommand.prototype.execute/&lt;(file:///C:/Users/Sai/AppData/Local/Temp/anonymous8750392721640401363webdriver-profile/extensions/fxdriver@googlecode.com/components/command-processor.js:12608)
... Removed 20 stack frames</div></td></tr></table><p class="totop"><a href="#summary">back to summary</a></p><h3 id="m1">com.orangehrm.testsuite.TakingScreenshot#screeshotTest</h3><table class="result"><tr><th>Exception</th></tr><tr><td><div class="stacktrace">javax.servlet.jsp.SkipPageException: Screesnshot test case skipped
	at com.orangehrm.testsuite.TakingScreenshot.screeshotTest(TakingScreenshot.java:15)
	at java.util.concurrent.FutureTask.run(Unknown Source)
	at java.util.concurrent.ThreadPoolExecutor.runWorker(Unknown Source)
	at java.util.concurrent.ThreadPoolExecutor$Worker.run(Unknown Source)
	at java.lang.Thread.run(Unknown Source)
... Removed 16 stack frames</div></td></tr></table><p class="totop"><a href="#summary">back to summary</a></p><h3 id="m2">com.orangehrm.testsuite.AddEmployee#addEmpoyeeTest</h3><table class="result"></table><p class="totop"><a href="#summary">back to summary</a></p><h3 id="m3">com.orangehrm.testsuite.Login#loginTest</h3><table class="result"><tr class="param"><th>Parameter #1</th></tr><tr class="param stripe"><td>chrome</td></tr></table><p class="totop"><a href="#summary">back to summary</a></p><h2>On firefox</h2><h3 id="m4">com.orangehrm.testsuite.TakingScreenshot#screeshotTest</h3><table class="result"><tr><th>Exception</th></tr><tr><td><div class="stacktrace">javax.servlet.jsp.SkipPageException: Screesnshot test case skipped
	at com.orangehrm.testsuite.TakingScreenshot.screeshotTest(TakingScreenshot.java:15)
	at java.util.concurrent.FutureTask.run(Unknown Source)
	at java.util.concurrent.ThreadPoolExecutor.runWorker(Unknown Source)
	at java.util.concurrent.ThreadPoolExecutor$Worker.run(Unknown Source)
	at java.lang.Thread.run(Unknown Source)
... Removed 16 stack frames</div></td></tr></table><p class="totop"><a href="#summary">back to summary</a></p><h3 id="m5">com.orangehrm.testsuite.AddEmployee#addEmpoyeeTest</h3><table class="result"></table><p class="totop"><a href="#summary">back to summary</a></p><h3 id="m6">com.orangehrm.testsuite.Login#loginTest</h3><table class="result"><tr class="param"><th>Parameter #1</th></tr><tr class="param stripe"><td>firefox</td></tr></table><p class="totop"><a href="#summary">back to summary</a></p><h3 id="m7">com.orangehrm.testsuite.Logout#logoutTest</h3><table class="result"></table><p class="totop"><a href="#summary">back to summary</a></p></body></html>