<?xml version="1.0" encoding="UTF-8"?>
<testng-results skipped="0" failed="3" total="8" passed="5">
  <reporter-output>
  </reporter-output>
  <suite name="OrangeHRM Test suite" duration-ms="158505" started-at="2016-09-06T04:58:24Z" finished-at="2016-09-06T05:01:03Z">
    <groups>
    </groups>
    <test name="On Chrome" duration-ms="148119" started-at="2016-09-06T04:58:24Z" finished-at="2016-09-06T05:00:53Z">
      <class name="com.orangehrm.testsuite.Logout">
        <test-method status="FAIL" signature="logoutTest()[pri:0, instance:com.orangehrm.testsuite.Logout@1e54f9f6]" name="logoutTest" duration-ms="5882" started-at="2016-09-05T22:00:47Z" finished-at="2016-09-05T22:00:52Z">
          <exception class="org.openqa.selenium.NoSuchElementException">
            <message>
              <![CDATA[Unable to locate element: {"method":"link text","selector":"Logout"}
For documentation on this error, please visit: http://seleniumhq.org/exceptions/no_such_element.html
Build info: version: '2.53.0', revision: '35ae25b', time: '2016-03-15 17:00:58'
System info: host: 'Sai-PC', ip: '192.168.56.1', os.name: 'Windows 7', os.arch: 'amd64', os.version: '6.1', java.version: '1.7.0_79'
Driver info: driver.version: unknown
Command duration or timeout: 1.32 seconds
For documentation on this error, please visit: http://seleniumhq.org/exceptions/no_such_element.html
Build info: version: '2.48.2', revision: '41bccdd', time: '2015-10-09 19:59:12'
System info: host: 'Sai-PC', ip: '192.168.56.1', os.name: 'Windows 7', os.arch: 'amd64', os.version: '6.1', java.version: '1.7.0_79'
*** Element info: {Using=link text, value=Logout}
Session ID: 36afeb9d-b2c5-4abd-b2aa-df8ca9ca5393
Driver info: org.openqa.selenium.remote.RemoteWebDriver
Capabilities [{platform=WINDOWS, javascriptEnabled=true, acceptSslCerts=true, browserName=firefox, rotatable=false, locationContextEnabled=true, webdriver.remote.sessionid=36afeb9d-b2c5-4abd-b2aa-df8ca9ca5393, version=42.0, databaseEnabled=true, cssSelectorsEnabled=true, handlesAlerts=true, webStorageEnabled=true, nativeEvents=false, applicationCacheEnabled=true, takesScreenshot=true}]]]>
            </message>
            <full-stacktrace>
              <![CDATA[org.openqa.selenium.NoSuchElementException: Unable to locate element: {"method":"link text","selector":"Logout"}
For documentation on this error, please visit: http://seleniumhq.org/exceptions/no_such_element.html
Build info: version: '2.53.0', revision: '35ae25b', time: '2016-03-15 17:00:58'
System info: host: 'Sai-PC', ip: '192.168.56.1', os.name: 'Windows 7', os.arch: 'amd64', os.version: '6.1', java.version: '1.7.0_79'
Driver info: driver.version: unknown
Command duration or timeout: 1.32 seconds
For documentation on this error, please visit: http://seleniumhq.org/exceptions/no_such_element.html
Build info: version: '2.48.2', revision: '41bccdd', time: '2015-10-09 19:59:12'
System info: host: 'Sai-PC', ip: '192.168.56.1', os.name: 'Windows 7', os.arch: 'amd64', os.version: '6.1', java.version: '1.7.0_79'
*** Element info: {Using=link text, value=Logout}
Session ID: 36afeb9d-b2c5-4abd-b2aa-df8ca9ca5393
Driver info: org.openqa.selenium.remote.RemoteWebDriver
Capabilities [{platform=WINDOWS, javascriptEnabled=true, acceptSslCerts=true, browserName=firefox, rotatable=false, locationContextEnabled=true, webdriver.remote.sessionid=36afeb9d-b2c5-4abd-b2aa-df8ca9ca5393, version=42.0, databaseEnabled=true, cssSelectorsEnabled=true, handlesAlerts=true, webStorageEnabled=true, nativeEvents=false, applicationCacheEnabled=true, takesScreenshot=true}]
	at sun.reflect.NativeConstructorAccessorImpl.newInstance0(Native Method)
	at sun.reflect.NativeConstructorAccessorImpl.newInstance(Unknown Source)
	at sun.reflect.DelegatingConstructorAccessorImpl.newInstance(Unknown Source)
	at java.lang.reflect.Constructor.newInstance(Unknown Source)
	at org.openqa.selenium.remote.ErrorHandler.createThrowable(ErrorHandler.java:206)
	at org.openqa.selenium.remote.ErrorHandler.throwIfResponseFailed(ErrorHandler.java:158)
	at org.openqa.selenium.remote.RemoteWebDriver.execute(RemoteWebDriver.java:647)
	at org.openqa.selenium.remote.RemoteWebDriver.findElement(RemoteWebDriver.java:353)
	at org.openqa.selenium.remote.RemoteWebDriver.findElementByLinkText(RemoteWebDriver.java:418)
	at org.openqa.selenium.By$ByLinkText.findElement(By.java:246)
	at org.openqa.selenium.remote.RemoteWebDriver.findElement(RemoteWebDriver.java:345)
	at org.openqa.selenium.support.pagefactory.DefaultElementLocator.findElement(DefaultElementLocator.java:69)
	at org.openqa.selenium.support.pagefactory.internal.LocatingElementHandler.invoke(LocatingElementHandler.java:38)
	at com.sun.proxy.$Proxy6.click(Unknown Source)
	at com.orangehrm.pageclasses.Menu.logout(Menu.java:46)
	at com.orangehrm.testsuite.Logout.logoutTest(Logout.java:20)
	at sun.reflect.NativeMethodAccessorImpl.invoke0(Native Method)
	at sun.reflect.NativeMethodAccessorImpl.invoke(Unknown Source)
	at sun.reflect.DelegatingMethodAccessorImpl.invoke(Unknown Source)
	at java.lang.reflect.Method.invoke(Unknown Source)
	at org.testng.internal.MethodInvocationHelper.invokeMethod(MethodInvocationHelper.java:85)
	at org.testng.internal.Invoker.invokeMethod(Invoker.java:639)
	at org.testng.internal.Invoker.invokeTestMethod(Invoker.java:821)
	at org.testng.internal.Invoker.invokeTestMethods(Invoker.java:1131)
	at org.testng.internal.TestMethodWorker.invokeTestMethods(TestMethodWorker.java:124)
	at org.testng.internal.TestMethodWorker.run(TestMethodWorker.java:108)
	at org.testng.TestRunner.privateRun(TestRunner.java:773)
	at org.testng.TestRunner.run(TestRunner.java:623)
	at org.testng.SuiteRunner.runTest(SuiteRunner.java:357)
	at org.testng.SuiteRunner.access$000(SuiteRunner.java:39)
	at org.testng.SuiteRunner$SuiteWorker.run(SuiteRunner.java:391)
	at org.testng.internal.thread.ThreadUtil$2.call(ThreadUtil.java:64)
	at java.util.concurrent.FutureTask.run(Unknown Source)
	at java.util.concurrent.ThreadPoolExecutor.runWorker(Unknown Source)
	at java.util.concurrent.ThreadPoolExecutor$Worker.run(Unknown Source)
	at java.lang.Thread.run(Unknown Source)
Caused by: org.openqa.selenium.remote.ScreenshotException: Screen shot has been taken
Build info: version: '2.48.2', revision: '41bccdd', time: '2015-10-09 19:59:12'
System info: host: 'Sai-PC', ip: '192.168.56.1', os.name: 'Windows 7', os.arch: 'amd64', os.version: '6.1', java.version: '1.7.0_79'
Driver info: driver.version: RemoteWebDriver
	at org.openqa.selenium.remote.ErrorHandler.throwIfResponseFailed(ErrorHandler.java:138)
	... 30 more
Caused by: org.openqa.selenium.NoSuchElementException: Unable to locate element: {"method":"link text","selector":"Logout"}
For documentation on this error, please visit: http://seleniumhq.org/exceptions/no_such_element.html
Build info: version: '2.53.0', revision: '35ae25b', time: '2016-03-15 17:00:58'
System info: host: 'Sai-PC', ip: '192.168.56.1', os.name: 'Windows 7', os.arch: 'amd64', os.version: '6.1', java.version: '1.7.0_79'
Driver info: driver.version: unknown
For documentation on this error, please visit: http://seleniumhq.org/exceptions/no_such_element.html
Build info: version: '2.48.2', revision: '41bccdd', time: '2015-10-09 19:59:12'
System info: host: 'Sai-PC', ip: '192.168.56.1', os.name: 'Windows 7', os.arch: 'amd64', os.version: '6.1', java.version: '1.7.0_79'
Driver info: driver.version: unknown
	at <anonymous class>.FirefoxDriver.prototype.findElementInternal_(file:///C:/Users/Sai/AppData/Local/Temp/anonymous8750392721640401363webdriver-profile/extensions/fxdriver@googlecode.com/components/driver-component.js:10770)
	at <anonymous class>.FirefoxDriver.prototype.findElement(file:///C:/Users/Sai/AppData/Local/Temp/anonymous8750392721640401363webdriver-profile/extensions/fxdriver@googlecode.com/components/driver-component.js:10779)
	at <anonymous class>.DelayedCommand.prototype.executeInternal_/h(file:///C:/Users/Sai/AppData/Local/Temp/anonymous8750392721640401363webdriver-profile/extensions/fxdriver@googlecode.com/components/command-processor.js:12661)
	at <anonymous class>.DelayedCommand.prototype.executeInternal_(file:///C:/Users/Sai/AppData/Local/Temp/anonymous8750392721640401363webdriver-profile/extensions/fxdriver@googlecode.com/components/command-processor.js:12666)
	at <anonymous class>.DelayedCommand.prototype.execute/<(file:///C:/Users/Sai/AppData/Local/Temp/anonymous8750392721640401363webdriver-profile/extensions/fxdriver@googlecode.com/components/command-processor.js:12608)
]]>
            </full-stacktrace>
          </exception> <!-- org.openqa.selenium.NoSuchElementException -->
          <reporter-output>
          </reporter-output>
        </test-method> <!-- logoutTest -->
      </class> <!-- com.orangehrm.testsuite.Logout -->
      <class name="com.orangehrm.testsuite.AddEmployee">
        <test-method status="PASS" signature="addEmpoyeeTest()[pri:0, instance:com.orangehrm.testsuite.AddEmployee@2c59e61a]" name="addEmpoyeeTest" duration-ms="121616" started-at="2016-09-05T21:58:45Z" finished-at="2016-09-05T22:00:46Z">
          <reporter-output>
          </reporter-output>
        </test-method> <!-- addEmpoyeeTest -->
      </class> <!-- com.orangehrm.testsuite.AddEmployee -->
      <class name="com.orangehrm.testsuite.TakingScreenshot">
        <test-method status="FAIL" signature="screeshotTest()[pri:0, instance:com.orangehrm.testsuite.TakingScreenshot@4211cbb5]" name="screeshotTest" duration-ms="84" started-at="2016-09-05T22:00:46Z" finished-at="2016-09-05T22:00:47Z">
          <exception class="javax.servlet.jsp.SkipPageException">
            <message>
              <![CDATA[Screesnshot test case skipped]]>
            </message>
            <full-stacktrace>
              <![CDATA[javax.servlet.jsp.SkipPageException: Screesnshot test case skipped
	at com.orangehrm.testsuite.TakingScreenshot.screeshotTest(TakingScreenshot.java:15)
	at sun.reflect.NativeMethodAccessorImpl.invoke0(Native Method)
	at sun.reflect.NativeMethodAccessorImpl.invoke(Unknown Source)
	at sun.reflect.DelegatingMethodAccessorImpl.invoke(Unknown Source)
	at java.lang.reflect.Method.invoke(Unknown Source)
	at org.testng.internal.MethodInvocationHelper.invokeMethod(MethodInvocationHelper.java:85)
	at org.testng.internal.Invoker.invokeMethod(Invoker.java:639)
	at org.testng.internal.Invoker.invokeTestMethod(Invoker.java:821)
	at org.testng.internal.Invoker.invokeTestMethods(Invoker.java:1131)
	at org.testng.internal.TestMethodWorker.invokeTestMethods(TestMethodWorker.java:124)
	at org.testng.internal.TestMethodWorker.run(TestMethodWorker.java:108)
	at org.testng.TestRunner.privateRun(TestRunner.java:773)
	at org.testng.TestRunner.run(TestRunner.java:623)
	at org.testng.SuiteRunner.runTest(SuiteRunner.java:357)
	at org.testng.SuiteRunner.access$000(SuiteRunner.java:39)
	at org.testng.SuiteRunner$SuiteWorker.run(SuiteRunner.java:391)
	at org.testng.internal.thread.ThreadUtil$2.call(ThreadUtil.java:64)
	at java.util.concurrent.FutureTask.run(Unknown Source)
	at java.util.concurrent.ThreadPoolExecutor.runWorker(Unknown Source)
	at java.util.concurrent.ThreadPoolExecutor$Worker.run(Unknown Source)
	at java.lang.Thread.run(Unknown Source)
]]>
            </full-stacktrace>
          </exception> <!-- javax.servlet.jsp.SkipPageException -->
          <reporter-output>
          </reporter-output>
        </test-method> <!-- screeshotTest -->
      </class> <!-- com.orangehrm.testsuite.TakingScreenshot -->
      <class name="com.orangehrm.testsuite.Login">
        <test-method status="PASS" signature="loginTest(java.lang.String)[pri:0, instance:com.orangehrm.testsuite.Login@2e48c85b]" name="loginTest" duration-ms="20436" started-at="2016-09-05T21:58:24Z" finished-at="2016-09-05T21:58:45Z">
          <params>
            <param index="0">
              <value>
                <![CDATA[chrome]]>
              </value>
            </param>
          </params>
          <reporter-output>
          </reporter-output>
        </test-method> <!-- loginTest -->
      </class> <!-- com.orangehrm.testsuite.Login -->
    </test> <!-- On Chrome -->
    <test name="On firefox" duration-ms="158505" started-at="2016-09-06T04:58:24Z" finished-at="2016-09-06T05:01:03Z">
      <class name="com.orangehrm.testsuite.Logout">
        <test-method status="PASS" signature="logoutTest()[pri:0, instance:com.orangehrm.testsuite.Logout@3dc77b39]" name="logoutTest" duration-ms="4812" started-at="2016-09-05T22:00:58Z" finished-at="2016-09-05T22:01:03Z">
          <reporter-output>
          </reporter-output>
        </test-method> <!-- logoutTest -->
      </class> <!-- com.orangehrm.testsuite.Logout -->
      <class name="com.orangehrm.testsuite.AddEmployee">
        <test-method status="PASS" signature="addEmpoyeeTest()[pri:0, instance:com.orangehrm.testsuite.AddEmployee@4ef259d6]" name="addEmpoyeeTest" duration-ms="118527" started-at="2016-09-05T21:58:59Z" finished-at="2016-09-05T22:00:58Z">
          <reporter-output>
          </reporter-output>
        </test-method> <!-- addEmpoyeeTest -->
      </class> <!-- com.orangehrm.testsuite.AddEmployee -->
      <class name="com.orangehrm.testsuite.TakingScreenshot">
        <test-method status="FAIL" signature="screeshotTest()[pri:0, instance:com.orangehrm.testsuite.TakingScreenshot@8e81918]" name="screeshotTest" duration-ms="80" started-at="2016-09-05T22:00:58Z" finished-at="2016-09-05T22:00:58Z">
          <exception class="javax.servlet.jsp.SkipPageException">
            <message>
              <![CDATA[Screesnshot test case skipped]]>
            </message>
            <full-stacktrace>
              <![CDATA[javax.servlet.jsp.SkipPageException: Screesnshot test case skipped
	at com.orangehrm.testsuite.TakingScreenshot.screeshotTest(TakingScreenshot.java:15)
	at sun.reflect.NativeMethodAccessorImpl.invoke0(Native Method)
	at sun.reflect.NativeMethodAccessorImpl.invoke(Unknown Source)
	at sun.reflect.DelegatingMethodAccessorImpl.invoke(Unknown Source)
	at java.lang.reflect.Method.invoke(Unknown Source)
	at org.testng.internal.MethodInvocationHelper.invokeMethod(MethodInvocationHelper.java:85)
	at org.testng.internal.Invoker.invokeMethod(Invoker.java:639)
	at org.testng.internal.Invoker.invokeTestMethod(Invoker.java:821)
	at org.testng.internal.Invoker.invokeTestMethods(Invoker.java:1131)
	at org.testng.internal.TestMethodWorker.invokeTestMethods(TestMethodWorker.java:124)
	at org.testng.internal.TestMethodWorker.run(TestMethodWorker.java:108)
	at org.testng.TestRunner.privateRun(TestRunner.java:773)
	at org.testng.TestRunner.run(TestRunner.java:623)
	at org.testng.SuiteRunner.runTest(SuiteRunner.java:357)
	at org.testng.SuiteRunner.access$000(SuiteRunner.java:39)
	at org.testng.SuiteRunner$SuiteWorker.run(SuiteRunner.java:391)
	at org.testng.internal.thread.ThreadUtil$2.call(ThreadUtil.java:64)
	at java.util.concurrent.FutureTask.run(Unknown Source)
	at java.util.concurrent.ThreadPoolExecutor.runWorker(Unknown Source)
	at java.util.concurrent.ThreadPoolExecutor$Worker.run(Unknown Source)
	at java.lang.Thread.run(Unknown Source)
]]>
            </full-stacktrace>
          </exception> <!-- javax.servlet.jsp.SkipPageException -->
          <reporter-output>
          </reporter-output>
        </test-method> <!-- screeshotTest -->
      </class> <!-- com.orangehrm.testsuite.TakingScreenshot -->
      <class name="com.orangehrm.testsuite.Login">
        <test-method status="PASS" signature="loginTest(java.lang.String)[pri:0, instance:com.orangehrm.testsuite.Login@33ba1cda]" name="loginTest" duration-ms="35006" started-at="2016-09-05T21:58:24Z" finished-at="2016-09-05T21:58:59Z">
          <params>
            <param index="0">
              <value>
                <![CDATA[firefox]]>
              </value>
            </param>
          </params>
          <reporter-output>
          </reporter-output>
        </test-method> <!-- loginTest -->
      </class> <!-- com.orangehrm.testsuite.Login -->
    </test> <!-- On firefox -->
  </suite> <!-- OrangeHRM Test suite -->
</testng-results>
